2023-05-25 14:09:11.653 DEBUG [main] [io.netty.util.internal.logging.InternalLoggerFactory.useLog4J2LoggerFactory(InternalLoggerFactory.java:76)] - Using Log4J2 as the default logging framework
2023-05-25 14:09:11.664 DEBUG [main] [io.netty.util.ResourceLeakDetector.<clinit>(ResourceLeakDetector.java:129)] - -Dio.netty.leakDetection.level: simple
2023-05-25 14:09:11.664 DEBUG [main] [io.netty.util.ResourceLeakDetector.<clinit>(ResourceLeakDetector.java:130)] - -Dio.netty.leakDetection.targetRecords: 4
2023-05-25 14:09:11.670 DEBUG [main] [io.netty.util.ResourceLeakDetectorFactory$DefaultResourceLeakDetectorFactory.newResourceLeakDetector(ResourceLeakDetectorFactory.java:196)] - Loaded default ResourceLeakDetector: io.netty.util.ResourceLeakDetector@29138d3a
2023-05-25 14:09:11.689 DEBUG [main] [io.netty.util.internal.PlatformDependent0.explicitNoUnsafeCause0(PlatformDependent0.java:496)] - -Dio.netty.noUnsafe: false
2023-05-25 14:09:11.689 DEBUG [main] [io.netty.util.internal.PlatformDependent0.javaVersion0(PlatformDependent0.java:1000)] - Java version: 17
2023-05-25 14:09:11.692 DEBUG [main] [io.netty.util.internal.PlatformDependent0.<clinit>(PlatformDependent0.java:137)] - sun.misc.Unsafe.theUnsafe: available
2023-05-25 14:09:11.693 DEBUG [main] [io.netty.util.internal.PlatformDependent0.<clinit>(PlatformDependent0.java:161)] - sun.misc.Unsafe.copyMemory: available
2023-05-25 14:09:11.694 DEBUG [main] [io.netty.util.internal.PlatformDependent0.<clinit>(PlatformDependent0.java:193)] - sun.misc.Unsafe.storeFence: available
2023-05-25 14:09:11.694 DEBUG [main] [io.netty.util.internal.PlatformDependent0.<clinit>(PlatformDependent0.java:236)] - java.nio.Buffer.address: available
2023-05-25 14:09:11.695 DEBUG [main] [io.netty.util.internal.PlatformDependent0.<clinit>(PlatformDependent0.java:320)] - direct buffer constructor: unavailable: Reflective setAccessible(true) disabled
2023-05-25 14:09:11.697 DEBUG [main] [io.netty.util.internal.PlatformDependent0.<clinit>(PlatformDependent0.java:385)] - java.nio.Bits.unaligned: available, true
2023-05-25 14:09:11.699 DEBUG [main] [io.netty.util.internal.PlatformDependent0.<clinit>(PlatformDependent0.java:452)] - jdk.internal.misc.Unsafe.allocateUninitializedArray(int): unavailable: class io.netty.util.internal.PlatformDependent0$7 cannot access class jdk.internal.misc.Unsafe (in module java.base) because module java.base does not export jdk.internal.misc to unnamed module @5f341870
2023-05-25 14:09:11.701 DEBUG [main] [io.netty.util.internal.PlatformDependent0.<clinit>(PlatformDependent0.java:482)] - java.nio.DirectByteBuffer.<init>(long, int): unavailable
2023-05-25 14:09:11.702 DEBUG [main] [io.netty.util.internal.PlatformDependent.unsafeUnavailabilityCause0(PlatformDependent.java:1159)] - sun.misc.Unsafe: available
2023-05-25 14:09:11.703 DEBUG [main] [io.netty.util.internal.PlatformDependent.estimateMaxDirectMemory(PlatformDependent.java:1270)] - maxDirectMemory: 4217372672 bytes (maybe)
2023-05-25 14:09:11.703 DEBUG [main] [io.netty.util.internal.PlatformDependent.tmpdir0(PlatformDependent.java:1289)] - -Dio.netty.tmpdir: C:\Users\FAHAD~1.ZAM\AppData\Local\Temp (java.io.tmpdir)
2023-05-25 14:09:11.703 DEBUG [main] [io.netty.util.internal.PlatformDependent.bitMode0(PlatformDependent.java:1368)] - -Dio.netty.bitMode: 64 (sun.arch.data.model)
2023-05-25 14:09:11.703 DEBUG [main] [io.netty.util.internal.PlatformDependent.isWindows0(PlatformDependent.java:1119)] - Platform: Windows
2023-05-25 14:09:11.705 DEBUG [main] [io.netty.util.internal.PlatformDependent.<clinit>(PlatformDependent.java:178)] - -Dio.netty.maxDirectMemory: -1 bytes
2023-05-25 14:09:11.705 DEBUG [main] [io.netty.util.internal.PlatformDependent.<clinit>(PlatformDependent.java:185)] - -Dio.netty.uninitializedArrayAllocationThreshold: -1
2023-05-25 14:09:11.707 DEBUG [main] [io.netty.util.internal.CleanerJava9.<clinit>(CleanerJava9.java:71)] - java.nio.ByteBuffer.cleaner(): available
2023-05-25 14:09:11.707 DEBUG [main] [io.netty.util.internal.PlatformDependent.<clinit>(PlatformDependent.java:205)] - -Dio.netty.noPreferDirect: false
2023-05-25 14:09:11.713 DEBUG [main] [io.netty.util.internal.PlatformDependent$Mpsc.<clinit>(PlatformDependent.java:1010)] - org.jctools-core.MpscChunkedArrayQueue: available
2023-05-25 14:09:11.733 DEBUG [main] [io.netty.util.internal.InternalThreadLocalMap.<clinit>(InternalThreadLocalMap.java:100)] - -Dio.netty.threadLocalMap.stringBuilder.initialSize: 1024
2023-05-25 14:09:11.733 DEBUG [main] [io.netty.util.internal.InternalThreadLocalMap.<clinit>(InternalThreadLocalMap.java:101)] - -Dio.netty.threadLocalMap.stringBuilder.maxSize: 4096
2023-05-25 14:09:11.746 DEBUG [main] [io.netty.handler.ssl.JdkSslContext.<clinit>(JdkSslContext.java:83)] - Default protocols (JDK): [TLSv1.3, TLSv1.2] 
2023-05-25 14:09:11.747 DEBUG [main] [io.netty.handler.ssl.JdkSslContext.<clinit>(JdkSslContext.java:84)] - Default cipher suites (JDK): [TLS_ECDHE_ECDSA_WITH_AES_256_GCM_SHA384, TLS_ECDHE_ECDSA_WITH_AES_128_GCM_SHA256, TLS_ECDHE_RSA_WITH_AES_128_GCM_SHA256, TLS_ECDHE_RSA_WITH_AES_256_GCM_SHA384, TLS_ECDHE_RSA_WITH_AES_128_CBC_SHA, TLS_ECDHE_RSA_WITH_AES_256_CBC_SHA, TLS_RSA_WITH_AES_128_GCM_SHA256, TLS_RSA_WITH_AES_128_CBC_SHA, TLS_RSA_WITH_AES_256_CBC_SHA, TLS_AES_128_GCM_SHA256, TLS_AES_256_GCM_SHA384]
2023-05-25 14:09:11.758 DEBUG [main] [io.netty.util.concurrent.GlobalEventExecutor.<clinit>(GlobalEventExecutor.java:53)] - -Dio.netty.globalEventExecutor.quietPeriodSeconds: 1
2023-05-25 14:09:11.770 DEBUG [main] [io.netty.channel.MultithreadEventLoopGroup.<clinit>(MultithreadEventLoopGroup.java:44)] - -Dio.netty.eventLoopThreads: 16
2023-05-25 14:09:11.780 DEBUG [main] [io.netty.channel.nio.NioEventLoop.<clinit>(NioEventLoop.java:110)] - -Dio.netty.noKeySetOptimization: false
2023-05-25 14:09:11.780 DEBUG [main] [io.netty.channel.nio.NioEventLoop.<clinit>(NioEventLoop.java:111)] - -Dio.netty.selectorAutoRebuildThreshold: 512
2023-05-25 14:09:11.827 DEBUG [main] [io.netty.buffer.PooledByteBufAllocator.<clinit>(PooledByteBufAllocator.java:157)] - -Dio.netty.allocator.numHeapArenas: 16
2023-05-25 14:09:11.827 DEBUG [main] [io.netty.buffer.PooledByteBufAllocator.<clinit>(PooledByteBufAllocator.java:158)] - -Dio.netty.allocator.numDirectArenas: 16
2023-05-25 14:09:11.827 DEBUG [main] [io.netty.buffer.PooledByteBufAllocator.<clinit>(PooledByteBufAllocator.java:160)] - -Dio.netty.allocator.pageSize: 8192
2023-05-25 14:09:11.828 DEBUG [main] [io.netty.buffer.PooledByteBufAllocator.<clinit>(PooledByteBufAllocator.java:165)] - -Dio.netty.allocator.maxOrder: 9
2023-05-25 14:09:11.828 DEBUG [main] [io.netty.buffer.PooledByteBufAllocator.<clinit>(PooledByteBufAllocator.java:169)] - -Dio.netty.allocator.chunkSize: 4194304
2023-05-25 14:09:11.828 DEBUG [main] [io.netty.buffer.PooledByteBufAllocator.<clinit>(PooledByteBufAllocator.java:170)] - -Dio.netty.allocator.smallCacheSize: 256
2023-05-25 14:09:11.828 DEBUG [main] [io.netty.buffer.PooledByteBufAllocator.<clinit>(PooledByteBufAllocator.java:171)] - -Dio.netty.allocator.normalCacheSize: 64
2023-05-25 14:09:11.829 DEBUG [main] [io.netty.buffer.PooledByteBufAllocator.<clinit>(PooledByteBufAllocator.java:172)] - -Dio.netty.allocator.maxCachedBufferCapacity: 32768
2023-05-25 14:09:11.829 DEBUG [main] [io.netty.buffer.PooledByteBufAllocator.<clinit>(PooledByteBufAllocator.java:173)] - -Dio.netty.allocator.cacheTrimInterval: 8192
2023-05-25 14:09:11.829 DEBUG [main] [io.netty.buffer.PooledByteBufAllocator.<clinit>(PooledByteBufAllocator.java:174)] - -Dio.netty.allocator.cacheTrimIntervalMillis: 0
2023-05-25 14:09:11.830 DEBUG [main] [io.netty.buffer.PooledByteBufAllocator.<clinit>(PooledByteBufAllocator.java:175)] - -Dio.netty.allocator.useCacheForAllThreads: false
2023-05-25 14:09:11.830 DEBUG [main] [io.netty.buffer.PooledByteBufAllocator.<clinit>(PooledByteBufAllocator.java:176)] - -Dio.netty.allocator.maxCachedByteBuffersPerChunk: 1023
2023-05-25 14:09:11.840 DEBUG [main] [io.netty.buffer.ByteBufUtil.<clinit>(ByteBufUtil.java:88)] - -Dio.netty.allocator.type: pooled
2023-05-25 14:09:11.841 DEBUG [main] [io.netty.buffer.ByteBufUtil.<clinit>(ByteBufUtil.java:97)] - -Dio.netty.threadLocalDirectBufferSize: 0
2023-05-25 14:09:11.841 DEBUG [main] [io.netty.buffer.ByteBufUtil.<clinit>(ByteBufUtil.java:100)] - -Dio.netty.maxThreadLocalCharBufferSize: 16384
2023-05-25 14:09:12.813 DEBUG [Forwarding newSession on session null to remote] [io.netty.channel.DefaultChannelId.<clinit>(DefaultChannelId.java:79)] - -Dio.netty.processId: 10436 (auto-detected)
2023-05-25 14:09:12.815 DEBUG [Forwarding newSession on session null to remote] [io.netty.util.NetUtil.<clinit>(NetUtil.java:142)] - -Djava.net.preferIPv4Stack: false
2023-05-25 14:09:12.816 DEBUG [Forwarding newSession on session null to remote] [io.netty.util.NetUtil.<clinit>(NetUtil.java:143)] - -Djava.net.preferIPv6Addresses: false
2023-05-25 14:09:12.831 DEBUG [Forwarding newSession on session null to remote] [io.netty.util.NetUtilInitializations.determineLoopback(NetUtilInitializations.java:145)] - Loopback interface: lo (Software Loopback Interface 1, 127.0.0.1)
2023-05-25 14:09:12.835 DEBUG [Forwarding newSession on session null to remote] [io.netty.util.NetUtil$SoMaxConnAction.run(NetUtil.java:200)] - Failed to get SOMAXCONN from sysctl and file \proc\sys\net\core\somaxconn. Default: 200
2023-05-25 14:09:12.846 DEBUG [Forwarding newSession on session null to remote] [io.netty.channel.DefaultChannelId.<clinit>(DefaultChannelId.java:101)] - -Dio.netty.machineId: 54:14:f3:ff:fe:d9:7a:97 (auto-detected)
2023-05-25 14:09:12.887 DEBUG [AsyncHttpClient-1-2] [io.netty.buffer.AbstractByteBuf.<clinit>(AbstractByteBuf.java:63)] - -Dio.netty.buffer.checkAccessible: true
2023-05-25 14:09:12.887 DEBUG [AsyncHttpClient-1-2] [io.netty.buffer.AbstractByteBuf.<clinit>(AbstractByteBuf.java:64)] - -Dio.netty.buffer.checkBounds: true
2023-05-25 14:09:12.888 DEBUG [AsyncHttpClient-1-2] [io.netty.util.ResourceLeakDetectorFactory$DefaultResourceLeakDetectorFactory.newResourceLeakDetector(ResourceLeakDetectorFactory.java:196)] - Loaded default ResourceLeakDetector: io.netty.util.ResourceLeakDetector@4ffb13c8
2023-05-25 14:09:12.908 DEBUG [AsyncHttpClient-1-2] [io.netty.util.Recycler.<clinit>(Recycler.java:96)] - -Dio.netty.recycler.maxCapacityPerThread: 4096
2023-05-25 14:09:12.908 DEBUG [AsyncHttpClient-1-2] [io.netty.util.Recycler.<clinit>(Recycler.java:97)] - -Dio.netty.recycler.ratio: 8
2023-05-25 14:09:12.908 DEBUG [AsyncHttpClient-1-2] [io.netty.util.Recycler.<clinit>(Recycler.java:98)] - -Dio.netty.recycler.chunkSize: 32
2023-05-25 14:09:12.908 DEBUG [AsyncHttpClient-1-2] [io.netty.util.Recycler.<clinit>(Recycler.java:99)] - -Dio.netty.recycler.blocking: false
2023-05-25 14:09:12.909 DEBUG [AsyncHttpClient-1-2] [io.netty.util.Recycler.<clinit>(Recycler.java:100)] - -Dio.netty.recycler.batchFastThreadLocalOnly: true
2023-05-25 14:09:13.523 DEBUG [AsyncHttpClient-1-2] [io.netty.handler.codec.compression.Brotli.<clinit>(Brotli.java:38)] - brotli4j not in the classpath; Brotli support will be unavailable.
2023-05-25 14:09:13.719 DEBUG [main] [io.netty.util.internal.ThreadLocalRandom.newSeed(ThreadLocalRandom.java:214)] - -Dio.netty.initialSeedUniquifier: 0x5e21f196f8ae2b13
2023-05-25 14:09:16.553 INFO [main] [com.ui.qa.listener.EventListener.afterClick(EventListener.java:17)] - Click On: [[ChromeDriver: chrome on WINDOWS (76746d0cdb96c15c93e5e33f773926a2)] -> xpath: //input[@name='login-button']]
2023-05-25 14:09:19.417 INFO [main] [com.ui.qa.listener.EventListener.afterClick(EventListener.java:17)] - Click On: [[ChromeDriver: chrome on WINDOWS (480fb5690ac5dd787e7bae0b76ec13de)] -> xpath: //input[@name='login-button']]
2023-05-25 14:09:19.510 INFO [main] [com.ui.qa.listener.EventListener.afterClick(EventListener.java:17)] - Click On: [[ChromeDriver: chrome on WINDOWS (480fb5690ac5dd787e7bae0b76ec13de)] -> xpath: //button[contains(@class,'btn_inventory')]]
2023-05-25 14:09:19.558 INFO [main] [com.ui.qa.listener.EventListener.afterClick(EventListener.java:17)] - Click On: [[ChromeDriver: chrome on WINDOWS (480fb5690ac5dd787e7bae0b76ec13de)] -> xpath: //button[contains(@class,'btn_inventory')]]
2023-05-25 14:09:19.590 INFO [main] [com.ui.qa.listener.EventListener.afterClick(EventListener.java:17)] - Click On: [[ChromeDriver: chrome on WINDOWS (480fb5690ac5dd787e7bae0b76ec13de)] -> xpath: //button[contains(@class,'btn_inventory')]]
2023-05-25 14:09:19.611 INFO [main] [com.ui.qa.listener.EventListener.afterClick(EventListener.java:17)] - Click On: [[ChromeDriver: chrome on WINDOWS (480fb5690ac5dd787e7bae0b76ec13de)] -> xpath: //button[contains(@class,'btn_inventory')]]
2023-05-25 14:09:19.635 INFO [main] [com.ui.qa.listener.EventListener.afterClick(EventListener.java:17)] - Click On: [[ChromeDriver: chrome on WINDOWS (480fb5690ac5dd787e7bae0b76ec13de)] -> xpath: //button[contains(@class,'btn_inventory')]]
2023-05-25 14:09:19.658 INFO [main] [com.ui.qa.listener.EventListener.afterClick(EventListener.java:17)] - Click On: [[ChromeDriver: chrome on WINDOWS (480fb5690ac5dd787e7bae0b76ec13de)] -> xpath: //button[contains(@class,'btn_inventory')]]
2023-05-25 14:17:27.055 DEBUG [main] [io.netty.util.internal.logging.InternalLoggerFactory.useLog4J2LoggerFactory(InternalLoggerFactory.java:76)] - Using Log4J2 as the default logging framework
2023-05-25 14:17:27.061 DEBUG [main] [io.netty.util.ResourceLeakDetector.<clinit>(ResourceLeakDetector.java:129)] - -Dio.netty.leakDetection.level: simple
2023-05-25 14:17:27.062 DEBUG [main] [io.netty.util.ResourceLeakDetector.<clinit>(ResourceLeakDetector.java:130)] - -Dio.netty.leakDetection.targetRecords: 4
2023-05-25 14:17:27.065 DEBUG [main] [io.netty.util.ResourceLeakDetectorFactory$DefaultResourceLeakDetectorFactory.newResourceLeakDetector(ResourceLeakDetectorFactory.java:196)] - Loaded default ResourceLeakDetector: io.netty.util.ResourceLeakDetector@4dbad37
2023-05-25 14:17:27.078 DEBUG [main] [io.netty.util.internal.PlatformDependent0.explicitNoUnsafeCause0(PlatformDependent0.java:496)] - -Dio.netty.noUnsafe: false
2023-05-25 14:17:27.079 DEBUG [main] [io.netty.util.internal.PlatformDependent0.javaVersion0(PlatformDependent0.java:1000)] - Java version: 17
2023-05-25 14:17:27.079 DEBUG [main] [io.netty.util.internal.PlatformDependent0.<clinit>(PlatformDependent0.java:137)] - sun.misc.Unsafe.theUnsafe: available
2023-05-25 14:17:27.080 DEBUG [main] [io.netty.util.internal.PlatformDependent0.<clinit>(PlatformDependent0.java:161)] - sun.misc.Unsafe.copyMemory: available
2023-05-25 14:17:27.081 DEBUG [main] [io.netty.util.internal.PlatformDependent0.<clinit>(PlatformDependent0.java:193)] - sun.misc.Unsafe.storeFence: available
2023-05-25 14:17:27.081 DEBUG [main] [io.netty.util.internal.PlatformDependent0.<clinit>(PlatformDependent0.java:236)] - java.nio.Buffer.address: available
2023-05-25 14:17:27.082 DEBUG [main] [io.netty.util.internal.PlatformDependent0.<clinit>(PlatformDependent0.java:320)] - direct buffer constructor: unavailable: Reflective setAccessible(true) disabled
2023-05-25 14:17:27.082 DEBUG [main] [io.netty.util.internal.PlatformDependent0.<clinit>(PlatformDependent0.java:385)] - java.nio.Bits.unaligned: available, true
2023-05-25 14:17:27.084 DEBUG [main] [io.netty.util.internal.PlatformDependent0.<clinit>(PlatformDependent0.java:452)] - jdk.internal.misc.Unsafe.allocateUninitializedArray(int): unavailable: class io.netty.util.internal.PlatformDependent0$7 cannot access class jdk.internal.misc.Unsafe (in module java.base) because module java.base does not export jdk.internal.misc to unnamed module @5f341870
2023-05-25 14:17:27.085 DEBUG [main] [io.netty.util.internal.PlatformDependent0.<clinit>(PlatformDependent0.java:482)] - java.nio.DirectByteBuffer.<init>(long, int): unavailable
2023-05-25 14:17:27.085 DEBUG [main] [io.netty.util.internal.PlatformDependent.unsafeUnavailabilityCause0(PlatformDependent.java:1159)] - sun.misc.Unsafe: available
2023-05-25 14:17:27.085 DEBUG [main] [io.netty.util.internal.PlatformDependent.estimateMaxDirectMemory(PlatformDependent.java:1270)] - maxDirectMemory: 4217372672 bytes (maybe)
2023-05-25 14:17:27.086 DEBUG [main] [io.netty.util.internal.PlatformDependent.tmpdir0(PlatformDependent.java:1289)] - -Dio.netty.tmpdir: C:\Users\FAHAD~1.ZAM\AppData\Local\Temp (java.io.tmpdir)
2023-05-25 14:17:27.086 DEBUG [main] [io.netty.util.internal.PlatformDependent.bitMode0(PlatformDependent.java:1368)] - -Dio.netty.bitMode: 64 (sun.arch.data.model)
2023-05-25 14:17:27.086 DEBUG [main] [io.netty.util.internal.PlatformDependent.isWindows0(PlatformDependent.java:1119)] - Platform: Windows
2023-05-25 14:17:27.087 DEBUG [main] [io.netty.util.internal.PlatformDependent.<clinit>(PlatformDependent.java:178)] - -Dio.netty.maxDirectMemory: -1 bytes
2023-05-25 14:17:27.088 DEBUG [main] [io.netty.util.internal.PlatformDependent.<clinit>(PlatformDependent.java:185)] - -Dio.netty.uninitializedArrayAllocationThreshold: -1
2023-05-25 14:17:27.089 DEBUG [main] [io.netty.util.internal.CleanerJava9.<clinit>(CleanerJava9.java:71)] - java.nio.ByteBuffer.cleaner(): available
2023-05-25 14:17:27.090 DEBUG [main] [io.netty.util.internal.PlatformDependent.<clinit>(PlatformDependent.java:205)] - -Dio.netty.noPreferDirect: false
2023-05-25 14:17:27.096 DEBUG [main] [io.netty.util.internal.PlatformDependent$Mpsc.<clinit>(PlatformDependent.java:1010)] - org.jctools-core.MpscChunkedArrayQueue: available
2023-05-25 14:17:27.106 DEBUG [main] [io.netty.util.internal.InternalThreadLocalMap.<clinit>(InternalThreadLocalMap.java:100)] - -Dio.netty.threadLocalMap.stringBuilder.initialSize: 1024
2023-05-25 14:17:27.107 DEBUG [main] [io.netty.util.internal.InternalThreadLocalMap.<clinit>(InternalThreadLocalMap.java:101)] - -Dio.netty.threadLocalMap.stringBuilder.maxSize: 4096
2023-05-25 14:17:27.146 DEBUG [main] [io.netty.handler.ssl.JdkSslContext.<clinit>(JdkSslContext.java:83)] - Default protocols (JDK): [TLSv1.3, TLSv1.2] 
2023-05-25 14:17:27.146 DEBUG [main] [io.netty.handler.ssl.JdkSslContext.<clinit>(JdkSslContext.java:84)] - Default cipher suites (JDK): [TLS_ECDHE_ECDSA_WITH_AES_256_GCM_SHA384, TLS_ECDHE_ECDSA_WITH_AES_128_GCM_SHA256, TLS_ECDHE_RSA_WITH_AES_128_GCM_SHA256, TLS_ECDHE_RSA_WITH_AES_256_GCM_SHA384, TLS_ECDHE_RSA_WITH_AES_128_CBC_SHA, TLS_ECDHE_RSA_WITH_AES_256_CBC_SHA, TLS_RSA_WITH_AES_128_GCM_SHA256, TLS_RSA_WITH_AES_128_CBC_SHA, TLS_RSA_WITH_AES_256_CBC_SHA, TLS_AES_128_GCM_SHA256, TLS_AES_256_GCM_SHA384]
2023-05-25 14:17:27.157 DEBUG [main] [io.netty.util.concurrent.GlobalEventExecutor.<clinit>(GlobalEventExecutor.java:53)] - -Dio.netty.globalEventExecutor.quietPeriodSeconds: 1
2023-05-25 14:17:27.165 DEBUG [main] [io.netty.channel.MultithreadEventLoopGroup.<clinit>(MultithreadEventLoopGroup.java:44)] - -Dio.netty.eventLoopThreads: 16
2023-05-25 14:17:27.176 DEBUG [main] [io.netty.channel.nio.NioEventLoop.<clinit>(NioEventLoop.java:110)] - -Dio.netty.noKeySetOptimization: false
2023-05-25 14:17:27.176 DEBUG [main] [io.netty.channel.nio.NioEventLoop.<clinit>(NioEventLoop.java:111)] - -Dio.netty.selectorAutoRebuildThreshold: 512
2023-05-25 14:17:27.211 DEBUG [main] [io.netty.buffer.PooledByteBufAllocator.<clinit>(PooledByteBufAllocator.java:157)] - -Dio.netty.allocator.numHeapArenas: 16
2023-05-25 14:17:27.211 DEBUG [main] [io.netty.buffer.PooledByteBufAllocator.<clinit>(PooledByteBufAllocator.java:158)] - -Dio.netty.allocator.numDirectArenas: 16
2023-05-25 14:17:27.212 DEBUG [main] [io.netty.buffer.PooledByteBufAllocator.<clinit>(PooledByteBufAllocator.java:160)] - -Dio.netty.allocator.pageSize: 8192
2023-05-25 14:17:27.212 DEBUG [main] [io.netty.buffer.PooledByteBufAllocator.<clinit>(PooledByteBufAllocator.java:165)] - -Dio.netty.allocator.maxOrder: 9
2023-05-25 14:17:27.212 DEBUG [main] [io.netty.buffer.PooledByteBufAllocator.<clinit>(PooledByteBufAllocator.java:169)] - -Dio.netty.allocator.chunkSize: 4194304
2023-05-25 14:17:27.212 DEBUG [main] [io.netty.buffer.PooledByteBufAllocator.<clinit>(PooledByteBufAllocator.java:170)] - -Dio.netty.allocator.smallCacheSize: 256
2023-05-25 14:17:27.214 DEBUG [main] [io.netty.buffer.PooledByteBufAllocator.<clinit>(PooledByteBufAllocator.java:171)] - -Dio.netty.allocator.normalCacheSize: 64
2023-05-25 14:17:27.214 DEBUG [main] [io.netty.buffer.PooledByteBufAllocator.<clinit>(PooledByteBufAllocator.java:172)] - -Dio.netty.allocator.maxCachedBufferCapacity: 32768
2023-05-25 14:17:27.214 DEBUG [main] [io.netty.buffer.PooledByteBufAllocator.<clinit>(PooledByteBufAllocator.java:173)] - -Dio.netty.allocator.cacheTrimInterval: 8192
2023-05-25 14:17:27.215 DEBUG [main] [io.netty.buffer.PooledByteBufAllocator.<clinit>(PooledByteBufAllocator.java:174)] - -Dio.netty.allocator.cacheTrimIntervalMillis: 0
2023-05-25 14:17:27.215 DEBUG [main] [io.netty.buffer.PooledByteBufAllocator.<clinit>(PooledByteBufAllocator.java:175)] - -Dio.netty.allocator.useCacheForAllThreads: false
2023-05-25 14:17:27.215 DEBUG [main] [io.netty.buffer.PooledByteBufAllocator.<clinit>(PooledByteBufAllocator.java:176)] - -Dio.netty.allocator.maxCachedByteBuffersPerChunk: 1023
2023-05-25 14:17:27.224 DEBUG [main] [io.netty.buffer.ByteBufUtil.<clinit>(ByteBufUtil.java:88)] - -Dio.netty.allocator.type: pooled
2023-05-25 14:17:27.224 DEBUG [main] [io.netty.buffer.ByteBufUtil.<clinit>(ByteBufUtil.java:97)] - -Dio.netty.threadLocalDirectBufferSize: 0
2023-05-25 14:17:27.224 DEBUG [main] [io.netty.buffer.ByteBufUtil.<clinit>(ByteBufUtil.java:100)] - -Dio.netty.maxThreadLocalCharBufferSize: 16384
2023-05-25 14:17:27.444 DEBUG [Forwarding newSession on session null to remote] [io.netty.channel.DefaultChannelId.<clinit>(DefaultChannelId.java:79)] - -Dio.netty.processId: 5528 (auto-detected)
2023-05-25 14:17:27.446 DEBUG [Forwarding newSession on session null to remote] [io.netty.util.NetUtil.<clinit>(NetUtil.java:142)] - -Djava.net.preferIPv4Stack: false
2023-05-25 14:17:27.446 DEBUG [Forwarding newSession on session null to remote] [io.netty.util.NetUtil.<clinit>(NetUtil.java:143)] - -Djava.net.preferIPv6Addresses: false
2023-05-25 14:17:27.456 DEBUG [Forwarding newSession on session null to remote] [io.netty.util.NetUtilInitializations.determineLoopback(NetUtilInitializations.java:145)] - Loopback interface: lo (Software Loopback Interface 1, 127.0.0.1)
2023-05-25 14:17:27.457 DEBUG [Forwarding newSession on session null to remote] [io.netty.util.NetUtil$SoMaxConnAction.run(NetUtil.java:200)] - Failed to get SOMAXCONN from sysctl and file \proc\sys\net\core\somaxconn. Default: 200
2023-05-25 14:17:27.470 DEBUG [Forwarding newSession on session null to remote] [io.netty.channel.DefaultChannelId.<clinit>(DefaultChannelId.java:101)] - -Dio.netty.machineId: 54:14:f3:ff:fe:d9:7a:97 (auto-detected)
2023-05-25 14:17:27.512 DEBUG [AsyncHttpClient-1-2] [io.netty.buffer.AbstractByteBuf.<clinit>(AbstractByteBuf.java:63)] - -Dio.netty.buffer.checkAccessible: true
2023-05-25 14:17:27.512 DEBUG [AsyncHttpClient-1-2] [io.netty.buffer.AbstractByteBuf.<clinit>(AbstractByteBuf.java:64)] - -Dio.netty.buffer.checkBounds: true
2023-05-25 14:17:27.513 DEBUG [AsyncHttpClient-1-2] [io.netty.util.ResourceLeakDetectorFactory$DefaultResourceLeakDetectorFactory.newResourceLeakDetector(ResourceLeakDetectorFactory.java:196)] - Loaded default ResourceLeakDetector: io.netty.util.ResourceLeakDetector@31ec4c81
2023-05-25 14:17:27.539 DEBUG [AsyncHttpClient-1-2] [io.netty.util.Recycler.<clinit>(Recycler.java:96)] - -Dio.netty.recycler.maxCapacityPerThread: 4096
2023-05-25 14:17:27.539 DEBUG [AsyncHttpClient-1-2] [io.netty.util.Recycler.<clinit>(Recycler.java:97)] - -Dio.netty.recycler.ratio: 8
2023-05-25 14:17:27.540 DEBUG [AsyncHttpClient-1-2] [io.netty.util.Recycler.<clinit>(Recycler.java:98)] - -Dio.netty.recycler.chunkSize: 32
2023-05-25 14:17:27.540 DEBUG [AsyncHttpClient-1-2] [io.netty.util.Recycler.<clinit>(Recycler.java:99)] - -Dio.netty.recycler.blocking: false
2023-05-25 14:17:27.540 DEBUG [AsyncHttpClient-1-2] [io.netty.util.Recycler.<clinit>(Recycler.java:100)] - -Dio.netty.recycler.batchFastThreadLocalOnly: true
2023-05-25 14:17:28.069 DEBUG [AsyncHttpClient-1-2] [io.netty.handler.codec.compression.Brotli.<clinit>(Brotli.java:38)] - brotli4j not in the classpath; Brotli support will be unavailable.
2023-05-25 14:17:28.126 DEBUG [main] [io.netty.util.internal.ThreadLocalRandom.newSeed(ThreadLocalRandom.java:214)] - -Dio.netty.initialSeedUniquifier: 0x4bded8a7c048d19f
2023-05-25 14:17:30.257 INFO [main] [com.ui.qa.listener.EventListener.afterClick(EventListener.java:17)] - Click On: [[ChromeDriver: chrome on WINDOWS (523574710d63f1e38a8863e95e051216)] -> xpath: //input[@name='login-button']]
2023-05-25 14:17:30.488 INFO [main] [com.ui.qa.listener.EventListener.afterClick(EventListener.java:17)] - Click On: [[ChromeDriver: chrome on WINDOWS (523574710d63f1e38a8863e95e051216)] -> xpath: //button[contains(@class,'btn_inventory')]]
2023-05-25 14:17:30.521 INFO [main] [com.ui.qa.listener.EventListener.afterClick(EventListener.java:17)] - Click On: [[ChromeDriver: chrome on WINDOWS (523574710d63f1e38a8863e95e051216)] -> xpath: //button[contains(@class,'btn_inventory')]]
2023-05-25 14:17:30.556 INFO [main] [com.ui.qa.listener.EventListener.afterClick(EventListener.java:17)] - Click On: [[ChromeDriver: chrome on WINDOWS (523574710d63f1e38a8863e95e051216)] -> xpath: //button[contains(@class,'btn_inventory')]]
2023-05-25 14:17:30.594 INFO [main] [com.ui.qa.listener.EventListener.afterClick(EventListener.java:17)] - Click On: [[ChromeDriver: chrome on WINDOWS (523574710d63f1e38a8863e95e051216)] -> xpath: //button[contains(@class,'btn_inventory')]]
2023-05-25 14:17:30.637 INFO [main] [com.ui.qa.listener.EventListener.afterClick(EventListener.java:17)] - Click On: [[ChromeDriver: chrome on WINDOWS (523574710d63f1e38a8863e95e051216)] -> xpath: //button[contains(@class,'btn_inventory')]]
2023-05-25 14:17:30.724 INFO [main] [com.ui.qa.listener.EventListener.afterClick(EventListener.java:17)] - Click On: [[ChromeDriver: chrome on WINDOWS (523574710d63f1e38a8863e95e051216)] -> xpath: //button[contains(@class,'btn_inventory')]]
2023-05-25 14:17:30.860 INFO [main] [com.ui.qa.listener.EventListener.afterClick(EventListener.java:17)] - Click On: [[ChromeDriver: chrome on WINDOWS (523574710d63f1e38a8863e95e051216)] -> xpath: //a[@class='shopping_cart_link']]
2023-05-25 14:44:20.403 DEBUG [main] [io.netty.util.internal.logging.InternalLoggerFactory.useLog4J2LoggerFactory(InternalLoggerFactory.java:76)] - Using Log4J2 as the default logging framework
2023-05-25 14:44:20.408 DEBUG [main] [io.netty.util.ResourceLeakDetector.<clinit>(ResourceLeakDetector.java:129)] - -Dio.netty.leakDetection.level: simple
2023-05-25 14:44:20.408 DEBUG [main] [io.netty.util.ResourceLeakDetector.<clinit>(ResourceLeakDetector.java:130)] - -Dio.netty.leakDetection.targetRecords: 4
2023-05-25 14:44:20.411 DEBUG [main] [io.netty.util.ResourceLeakDetectorFactory$DefaultResourceLeakDetectorFactory.newResourceLeakDetector(ResourceLeakDetectorFactory.java:196)] - Loaded default ResourceLeakDetector: io.netty.util.ResourceLeakDetector@5445f5ba
2023-05-25 14:44:20.425 DEBUG [main] [io.netty.util.internal.PlatformDependent0.explicitNoUnsafeCause0(PlatformDependent0.java:496)] - -Dio.netty.noUnsafe: false
2023-05-25 14:44:20.425 DEBUG [main] [io.netty.util.internal.PlatformDependent0.javaVersion0(PlatformDependent0.java:1000)] - Java version: 17
2023-05-25 14:44:20.426 DEBUG [main] [io.netty.util.internal.PlatformDependent0.<clinit>(PlatformDependent0.java:137)] - sun.misc.Unsafe.theUnsafe: available
2023-05-25 14:44:20.427 DEBUG [main] [io.netty.util.internal.PlatformDependent0.<clinit>(PlatformDependent0.java:161)] - sun.misc.Unsafe.copyMemory: available
2023-05-25 14:44:20.427 DEBUG [main] [io.netty.util.internal.PlatformDependent0.<clinit>(PlatformDependent0.java:193)] - sun.misc.Unsafe.storeFence: available
2023-05-25 14:44:20.428 DEBUG [main] [io.netty.util.internal.PlatformDependent0.<clinit>(PlatformDependent0.java:236)] - java.nio.Buffer.address: available
2023-05-25 14:44:20.429 DEBUG [main] [io.netty.util.internal.PlatformDependent0.<clinit>(PlatformDependent0.java:320)] - direct buffer constructor: unavailable: Reflective setAccessible(true) disabled
2023-05-25 14:44:20.430 DEBUG [main] [io.netty.util.internal.PlatformDependent0.<clinit>(PlatformDependent0.java:385)] - java.nio.Bits.unaligned: available, true
2023-05-25 14:44:20.431 DEBUG [main] [io.netty.util.internal.PlatformDependent0.<clinit>(PlatformDependent0.java:452)] - jdk.internal.misc.Unsafe.allocateUninitializedArray(int): unavailable: class io.netty.util.internal.PlatformDependent0$7 cannot access class jdk.internal.misc.Unsafe (in module java.base) because module java.base does not export jdk.internal.misc to unnamed module @5f341870
2023-05-25 14:44:20.433 DEBUG [main] [io.netty.util.internal.PlatformDependent0.<clinit>(PlatformDependent0.java:482)] - java.nio.DirectByteBuffer.<init>(long, int): unavailable
2023-05-25 14:44:20.433 DEBUG [main] [io.netty.util.internal.PlatformDependent.unsafeUnavailabilityCause0(PlatformDependent.java:1159)] - sun.misc.Unsafe: available
2023-05-25 14:44:20.433 DEBUG [main] [io.netty.util.internal.PlatformDependent.estimateMaxDirectMemory(PlatformDependent.java:1270)] - maxDirectMemory: 4217372672 bytes (maybe)
2023-05-25 14:44:20.434 DEBUG [main] [io.netty.util.internal.PlatformDependent.tmpdir0(PlatformDependent.java:1289)] - -Dio.netty.tmpdir: C:\Users\FAHAD~1.ZAM\AppData\Local\Temp (java.io.tmpdir)
2023-05-25 14:44:20.434 DEBUG [main] [io.netty.util.internal.PlatformDependent.bitMode0(PlatformDependent.java:1368)] - -Dio.netty.bitMode: 64 (sun.arch.data.model)
2023-05-25 14:44:20.434 DEBUG [main] [io.netty.util.internal.PlatformDependent.isWindows0(PlatformDependent.java:1119)] - Platform: Windows
2023-05-25 14:44:20.435 DEBUG [main] [io.netty.util.internal.PlatformDependent.<clinit>(PlatformDependent.java:178)] - -Dio.netty.maxDirectMemory: -1 bytes
2023-05-25 14:44:20.435 DEBUG [main] [io.netty.util.internal.PlatformDependent.<clinit>(PlatformDependent.java:185)] - -Dio.netty.uninitializedArrayAllocationThreshold: -1
2023-05-25 14:44:20.437 DEBUG [main] [io.netty.util.internal.CleanerJava9.<clinit>(CleanerJava9.java:71)] - java.nio.ByteBuffer.cleaner(): available
2023-05-25 14:44:20.437 DEBUG [main] [io.netty.util.internal.PlatformDependent.<clinit>(PlatformDependent.java:205)] - -Dio.netty.noPreferDirect: false
2023-05-25 14:44:20.443 DEBUG [main] [io.netty.util.internal.PlatformDependent$Mpsc.<clinit>(PlatformDependent.java:1010)] - org.jctools-core.MpscChunkedArrayQueue: available
2023-05-25 14:44:20.455 DEBUG [main] [io.netty.util.internal.InternalThreadLocalMap.<clinit>(InternalThreadLocalMap.java:100)] - -Dio.netty.threadLocalMap.stringBuilder.initialSize: 1024
2023-05-25 14:44:20.455 DEBUG [main] [io.netty.util.internal.InternalThreadLocalMap.<clinit>(InternalThreadLocalMap.java:101)] - -Dio.netty.threadLocalMap.stringBuilder.maxSize: 4096
2023-05-25 14:44:20.495 DEBUG [main] [io.netty.handler.ssl.JdkSslContext.<clinit>(JdkSslContext.java:83)] - Default protocols (JDK): [TLSv1.3, TLSv1.2] 
2023-05-25 14:44:20.495 DEBUG [main] [io.netty.handler.ssl.JdkSslContext.<clinit>(JdkSslContext.java:84)] - Default cipher suites (JDK): [TLS_ECDHE_ECDSA_WITH_AES_256_GCM_SHA384, TLS_ECDHE_ECDSA_WITH_AES_128_GCM_SHA256, TLS_ECDHE_RSA_WITH_AES_128_GCM_SHA256, TLS_ECDHE_RSA_WITH_AES_256_GCM_SHA384, TLS_ECDHE_RSA_WITH_AES_128_CBC_SHA, TLS_ECDHE_RSA_WITH_AES_256_CBC_SHA, TLS_RSA_WITH_AES_128_GCM_SHA256, TLS_RSA_WITH_AES_128_CBC_SHA, TLS_RSA_WITH_AES_256_CBC_SHA, TLS_AES_128_GCM_SHA256, TLS_AES_256_GCM_SHA384]
2023-05-25 14:44:20.504 DEBUG [main] [io.netty.util.concurrent.GlobalEventExecutor.<clinit>(GlobalEventExecutor.java:53)] - -Dio.netty.globalEventExecutor.quietPeriodSeconds: 1
2023-05-25 14:44:20.513 DEBUG [main] [io.netty.channel.MultithreadEventLoopGroup.<clinit>(MultithreadEventLoopGroup.java:44)] - -Dio.netty.eventLoopThreads: 16
2023-05-25 14:44:20.519 DEBUG [main] [io.netty.channel.nio.NioEventLoop.<clinit>(NioEventLoop.java:110)] - -Dio.netty.noKeySetOptimization: false
2023-05-25 14:44:20.519 DEBUG [main] [io.netty.channel.nio.NioEventLoop.<clinit>(NioEventLoop.java:111)] - -Dio.netty.selectorAutoRebuildThreshold: 512
2023-05-25 14:44:20.551 DEBUG [main] [io.netty.buffer.PooledByteBufAllocator.<clinit>(PooledByteBufAllocator.java:157)] - -Dio.netty.allocator.numHeapArenas: 16
2023-05-25 14:44:20.551 DEBUG [main] [io.netty.buffer.PooledByteBufAllocator.<clinit>(PooledByteBufAllocator.java:158)] - -Dio.netty.allocator.numDirectArenas: 16
2023-05-25 14:44:20.551 DEBUG [main] [io.netty.buffer.PooledByteBufAllocator.<clinit>(PooledByteBufAllocator.java:160)] - -Dio.netty.allocator.pageSize: 8192
2023-05-25 14:44:20.552 DEBUG [main] [io.netty.buffer.PooledByteBufAllocator.<clinit>(PooledByteBufAllocator.java:165)] - -Dio.netty.allocator.maxOrder: 9
2023-05-25 14:44:20.552 DEBUG [main] [io.netty.buffer.PooledByteBufAllocator.<clinit>(PooledByteBufAllocator.java:169)] - -Dio.netty.allocator.chunkSize: 4194304
2023-05-25 14:44:20.552 DEBUG [main] [io.netty.buffer.PooledByteBufAllocator.<clinit>(PooledByteBufAllocator.java:170)] - -Dio.netty.allocator.smallCacheSize: 256
2023-05-25 14:44:20.552 DEBUG [main] [io.netty.buffer.PooledByteBufAllocator.<clinit>(PooledByteBufAllocator.java:171)] - -Dio.netty.allocator.normalCacheSize: 64
2023-05-25 14:44:20.553 DEBUG [main] [io.netty.buffer.PooledByteBufAllocator.<clinit>(PooledByteBufAllocator.java:172)] - -Dio.netty.allocator.maxCachedBufferCapacity: 32768
2023-05-25 14:44:20.553 DEBUG [main] [io.netty.buffer.PooledByteBufAllocator.<clinit>(PooledByteBufAllocator.java:173)] - -Dio.netty.allocator.cacheTrimInterval: 8192
2023-05-25 14:44:20.553 DEBUG [main] [io.netty.buffer.PooledByteBufAllocator.<clinit>(PooledByteBufAllocator.java:174)] - -Dio.netty.allocator.cacheTrimIntervalMillis: 0
2023-05-25 14:44:20.553 DEBUG [main] [io.netty.buffer.PooledByteBufAllocator.<clinit>(PooledByteBufAllocator.java:175)] - -Dio.netty.allocator.useCacheForAllThreads: false
2023-05-25 14:44:20.553 DEBUG [main] [io.netty.buffer.PooledByteBufAllocator.<clinit>(PooledByteBufAllocator.java:176)] - -Dio.netty.allocator.maxCachedByteBuffersPerChunk: 1023
2023-05-25 14:44:20.564 DEBUG [main] [io.netty.buffer.ByteBufUtil.<clinit>(ByteBufUtil.java:88)] - -Dio.netty.allocator.type: pooled
2023-05-25 14:44:20.565 DEBUG [main] [io.netty.buffer.ByteBufUtil.<clinit>(ByteBufUtil.java:97)] - -Dio.netty.threadLocalDirectBufferSize: 0
2023-05-25 14:44:20.565 DEBUG [main] [io.netty.buffer.ByteBufUtil.<clinit>(ByteBufUtil.java:100)] - -Dio.netty.maxThreadLocalCharBufferSize: 16384
2023-05-25 14:44:20.769 DEBUG [Forwarding newSession on session null to remote] [io.netty.channel.DefaultChannelId.<clinit>(DefaultChannelId.java:79)] - -Dio.netty.processId: 11124 (auto-detected)
2023-05-25 14:44:20.771 DEBUG [Forwarding newSession on session null to remote] [io.netty.util.NetUtil.<clinit>(NetUtil.java:142)] - -Djava.net.preferIPv4Stack: false
2023-05-25 14:44:20.771 DEBUG [Forwarding newSession on session null to remote] [io.netty.util.NetUtil.<clinit>(NetUtil.java:143)] - -Djava.net.preferIPv6Addresses: false
2023-05-25 14:44:20.780 DEBUG [Forwarding newSession on session null to remote] [io.netty.util.NetUtilInitializations.determineLoopback(NetUtilInitializations.java:145)] - Loopback interface: lo (Software Loopback Interface 1, 127.0.0.1)
2023-05-25 14:44:20.781 DEBUG [Forwarding newSession on session null to remote] [io.netty.util.NetUtil$SoMaxConnAction.run(NetUtil.java:200)] - Failed to get SOMAXCONN from sysctl and file \proc\sys\net\core\somaxconn. Default: 200
2023-05-25 14:44:20.793 DEBUG [Forwarding newSession on session null to remote] [io.netty.channel.DefaultChannelId.<clinit>(DefaultChannelId.java:101)] - -Dio.netty.machineId: 54:14:f3:ff:fe:d9:7a:97 (auto-detected)
2023-05-25 14:44:20.833 DEBUG [AsyncHttpClient-1-2] [io.netty.buffer.AbstractByteBuf.<clinit>(AbstractByteBuf.java:63)] - -Dio.netty.buffer.checkAccessible: true
2023-05-25 14:44:20.834 DEBUG [AsyncHttpClient-1-2] [io.netty.buffer.AbstractByteBuf.<clinit>(AbstractByteBuf.java:64)] - -Dio.netty.buffer.checkBounds: true
2023-05-25 14:44:20.834 DEBUG [AsyncHttpClient-1-2] [io.netty.util.ResourceLeakDetectorFactory$DefaultResourceLeakDetectorFactory.newResourceLeakDetector(ResourceLeakDetectorFactory.java:196)] - Loaded default ResourceLeakDetector: io.netty.util.ResourceLeakDetector@87714f5
2023-05-25 14:44:20.854 DEBUG [AsyncHttpClient-1-2] [io.netty.util.Recycler.<clinit>(Recycler.java:96)] - -Dio.netty.recycler.maxCapacityPerThread: 4096
2023-05-25 14:44:20.854 DEBUG [AsyncHttpClient-1-2] [io.netty.util.Recycler.<clinit>(Recycler.java:97)] - -Dio.netty.recycler.ratio: 8
2023-05-25 14:44:20.855 DEBUG [AsyncHttpClient-1-2] [io.netty.util.Recycler.<clinit>(Recycler.java:98)] - -Dio.netty.recycler.chunkSize: 32
2023-05-25 14:44:20.855 DEBUG [AsyncHttpClient-1-2] [io.netty.util.Recycler.<clinit>(Recycler.java:99)] - -Dio.netty.recycler.blocking: false
2023-05-25 14:44:20.855 DEBUG [AsyncHttpClient-1-2] [io.netty.util.Recycler.<clinit>(Recycler.java:100)] - -Dio.netty.recycler.batchFastThreadLocalOnly: true
2023-05-25 14:44:21.395 DEBUG [AsyncHttpClient-1-2] [io.netty.handler.codec.compression.Brotli.<clinit>(Brotli.java:38)] - brotli4j not in the classpath; Brotli support will be unavailable.
2023-05-25 14:44:21.494 DEBUG [main] [io.netty.util.internal.ThreadLocalRandom.newSeed(ThreadLocalRandom.java:214)] - -Dio.netty.initialSeedUniquifier: 0x330bad4cb374ec3a
2023-05-25 14:44:23.554 INFO [main] [com.ui.qa.listener.EventListener.afterClick(EventListener.java:17)] - Click On: [[ChromeDriver: chrome on WINDOWS (12ce33ad6e8ead815982de4ac9a2f4fc)] -> xpath: //input[@name='login-button']]
2023-05-25 14:44:23.629 INFO [main] [com.ui.qa.listener.EventListener.afterClick(EventListener.java:17)] - Click On: [[ChromeDriver: chrome on WINDOWS (12ce33ad6e8ead815982de4ac9a2f4fc)] -> xpath: //a[@class='shopping_cart_link']]
2023-05-25 14:44:23.787 INFO [main] [com.ui.qa.listener.EventListener.afterClick(EventListener.java:17)] - Click On: [[ChromeDriver: chrome on WINDOWS (12ce33ad6e8ead815982de4ac9a2f4fc)] -> xpath: //button[@id='checkout' and @name='checkout']]
2023-05-25 14:47:36.555 DEBUG [main] [io.netty.util.internal.logging.InternalLoggerFactory.useLog4J2LoggerFactory(InternalLoggerFactory.java:76)] - Using Log4J2 as the default logging framework
2023-05-25 14:47:36.561 DEBUG [main] [io.netty.util.ResourceLeakDetector.<clinit>(ResourceLeakDetector.java:129)] - -Dio.netty.leakDetection.level: simple
2023-05-25 14:47:36.561 DEBUG [main] [io.netty.util.ResourceLeakDetector.<clinit>(ResourceLeakDetector.java:130)] - -Dio.netty.leakDetection.targetRecords: 4
2023-05-25 14:47:36.565 DEBUG [main] [io.netty.util.ResourceLeakDetectorFactory$DefaultResourceLeakDetectorFactory.newResourceLeakDetector(ResourceLeakDetectorFactory.java:196)] - Loaded default ResourceLeakDetector: io.netty.util.ResourceLeakDetector@1ffcf674
2023-05-25 14:47:36.582 DEBUG [main] [io.netty.util.internal.PlatformDependent0.explicitNoUnsafeCause0(PlatformDependent0.java:496)] - -Dio.netty.noUnsafe: false
2023-05-25 14:47:36.582 DEBUG [main] [io.netty.util.internal.PlatformDependent0.javaVersion0(PlatformDependent0.java:1000)] - Java version: 17
2023-05-25 14:47:36.583 DEBUG [main] [io.netty.util.internal.PlatformDependent0.<clinit>(PlatformDependent0.java:137)] - sun.misc.Unsafe.theUnsafe: available
2023-05-25 14:47:36.584 DEBUG [main] [io.netty.util.internal.PlatformDependent0.<clinit>(PlatformDependent0.java:161)] - sun.misc.Unsafe.copyMemory: available
2023-05-25 14:47:36.584 DEBUG [main] [io.netty.util.internal.PlatformDependent0.<clinit>(PlatformDependent0.java:193)] - sun.misc.Unsafe.storeFence: available
2023-05-25 14:47:36.585 DEBUG [main] [io.netty.util.internal.PlatformDependent0.<clinit>(PlatformDependent0.java:236)] - java.nio.Buffer.address: available
2023-05-25 14:47:36.586 DEBUG [main] [io.netty.util.internal.PlatformDependent0.<clinit>(PlatformDependent0.java:320)] - direct buffer constructor: unavailable: Reflective setAccessible(true) disabled
2023-05-25 14:47:36.586 DEBUG [main] [io.netty.util.internal.PlatformDependent0.<clinit>(PlatformDependent0.java:385)] - java.nio.Bits.unaligned: available, true
2023-05-25 14:47:36.587 DEBUG [main] [io.netty.util.internal.PlatformDependent0.<clinit>(PlatformDependent0.java:452)] - jdk.internal.misc.Unsafe.allocateUninitializedArray(int): unavailable: class io.netty.util.internal.PlatformDependent0$7 cannot access class jdk.internal.misc.Unsafe (in module java.base) because module java.base does not export jdk.internal.misc to unnamed module @5f341870
2023-05-25 14:47:36.588 DEBUG [main] [io.netty.util.internal.PlatformDependent0.<clinit>(PlatformDependent0.java:482)] - java.nio.DirectByteBuffer.<init>(long, int): unavailable
2023-05-25 14:47:36.589 DEBUG [main] [io.netty.util.internal.PlatformDependent.unsafeUnavailabilityCause0(PlatformDependent.java:1159)] - sun.misc.Unsafe: available
2023-05-25 14:47:36.589 DEBUG [main] [io.netty.util.internal.PlatformDependent.estimateMaxDirectMemory(PlatformDependent.java:1270)] - maxDirectMemory: 4217372672 bytes (maybe)
2023-05-25 14:47:36.590 DEBUG [main] [io.netty.util.internal.PlatformDependent.tmpdir0(PlatformDependent.java:1289)] - -Dio.netty.tmpdir: C:\Users\FAHAD~1.ZAM\AppData\Local\Temp (java.io.tmpdir)
2023-05-25 14:47:36.590 DEBUG [main] [io.netty.util.internal.PlatformDependent.bitMode0(PlatformDependent.java:1368)] - -Dio.netty.bitMode: 64 (sun.arch.data.model)
2023-05-25 14:47:36.590 DEBUG [main] [io.netty.util.internal.PlatformDependent.isWindows0(PlatformDependent.java:1119)] - Platform: Windows
2023-05-25 14:47:36.591 DEBUG [main] [io.netty.util.internal.PlatformDependent.<clinit>(PlatformDependent.java:178)] - -Dio.netty.maxDirectMemory: -1 bytes
2023-05-25 14:47:36.591 DEBUG [main] [io.netty.util.internal.PlatformDependent.<clinit>(PlatformDependent.java:185)] - -Dio.netty.uninitializedArrayAllocationThreshold: -1
2023-05-25 14:47:36.593 DEBUG [main] [io.netty.util.internal.CleanerJava9.<clinit>(CleanerJava9.java:71)] - java.nio.ByteBuffer.cleaner(): available
2023-05-25 14:47:36.593 DEBUG [main] [io.netty.util.internal.PlatformDependent.<clinit>(PlatformDependent.java:205)] - -Dio.netty.noPreferDirect: false
2023-05-25 14:47:36.598 DEBUG [main] [io.netty.util.internal.PlatformDependent$Mpsc.<clinit>(PlatformDependent.java:1010)] - org.jctools-core.MpscChunkedArrayQueue: available
2023-05-25 14:47:36.608 DEBUG [main] [io.netty.util.internal.InternalThreadLocalMap.<clinit>(InternalThreadLocalMap.java:100)] - -Dio.netty.threadLocalMap.stringBuilder.initialSize: 1024
2023-05-25 14:47:36.609 DEBUG [main] [io.netty.util.internal.InternalThreadLocalMap.<clinit>(InternalThreadLocalMap.java:101)] - -Dio.netty.threadLocalMap.stringBuilder.maxSize: 4096
2023-05-25 14:47:36.650 DEBUG [main] [io.netty.handler.ssl.JdkSslContext.<clinit>(JdkSslContext.java:83)] - Default protocols (JDK): [TLSv1.3, TLSv1.2] 
2023-05-25 14:47:36.650 DEBUG [main] [io.netty.handler.ssl.JdkSslContext.<clinit>(JdkSslContext.java:84)] - Default cipher suites (JDK): [TLS_ECDHE_ECDSA_WITH_AES_256_GCM_SHA384, TLS_ECDHE_ECDSA_WITH_AES_128_GCM_SHA256, TLS_ECDHE_RSA_WITH_AES_128_GCM_SHA256, TLS_ECDHE_RSA_WITH_AES_256_GCM_SHA384, TLS_ECDHE_RSA_WITH_AES_128_CBC_SHA, TLS_ECDHE_RSA_WITH_AES_256_CBC_SHA, TLS_RSA_WITH_AES_128_GCM_SHA256, TLS_RSA_WITH_AES_128_CBC_SHA, TLS_RSA_WITH_AES_256_CBC_SHA, TLS_AES_128_GCM_SHA256, TLS_AES_256_GCM_SHA384]
2023-05-25 14:47:36.665 DEBUG [main] [io.netty.util.concurrent.GlobalEventExecutor.<clinit>(GlobalEventExecutor.java:53)] - -Dio.netty.globalEventExecutor.quietPeriodSeconds: 1
2023-05-25 14:47:36.674 DEBUG [main] [io.netty.channel.MultithreadEventLoopGroup.<clinit>(MultithreadEventLoopGroup.java:44)] - -Dio.netty.eventLoopThreads: 16
2023-05-25 14:47:36.682 DEBUG [main] [io.netty.channel.nio.NioEventLoop.<clinit>(NioEventLoop.java:110)] - -Dio.netty.noKeySetOptimization: false
2023-05-25 14:47:36.682 DEBUG [main] [io.netty.channel.nio.NioEventLoop.<clinit>(NioEventLoop.java:111)] - -Dio.netty.selectorAutoRebuildThreshold: 512
2023-05-25 14:47:36.714 DEBUG [main] [io.netty.buffer.PooledByteBufAllocator.<clinit>(PooledByteBufAllocator.java:157)] - -Dio.netty.allocator.numHeapArenas: 16
2023-05-25 14:47:36.714 DEBUG [main] [io.netty.buffer.PooledByteBufAllocator.<clinit>(PooledByteBufAllocator.java:158)] - -Dio.netty.allocator.numDirectArenas: 16
2023-05-25 14:47:36.714 DEBUG [main] [io.netty.buffer.PooledByteBufAllocator.<clinit>(PooledByteBufAllocator.java:160)] - -Dio.netty.allocator.pageSize: 8192
2023-05-25 14:47:36.714 DEBUG [main] [io.netty.buffer.PooledByteBufAllocator.<clinit>(PooledByteBufAllocator.java:165)] - -Dio.netty.allocator.maxOrder: 9
2023-05-25 14:47:36.715 DEBUG [main] [io.netty.buffer.PooledByteBufAllocator.<clinit>(PooledByteBufAllocator.java:169)] - -Dio.netty.allocator.chunkSize: 4194304
2023-05-25 14:47:36.715 DEBUG [main] [io.netty.buffer.PooledByteBufAllocator.<clinit>(PooledByteBufAllocator.java:170)] - -Dio.netty.allocator.smallCacheSize: 256
2023-05-25 14:47:36.715 DEBUG [main] [io.netty.buffer.PooledByteBufAllocator.<clinit>(PooledByteBufAllocator.java:171)] - -Dio.netty.allocator.normalCacheSize: 64
2023-05-25 14:47:36.715 DEBUG [main] [io.netty.buffer.PooledByteBufAllocator.<clinit>(PooledByteBufAllocator.java:172)] - -Dio.netty.allocator.maxCachedBufferCapacity: 32768
2023-05-25 14:47:36.715 DEBUG [main] [io.netty.buffer.PooledByteBufAllocator.<clinit>(PooledByteBufAllocator.java:173)] - -Dio.netty.allocator.cacheTrimInterval: 8192
2023-05-25 14:47:36.716 DEBUG [main] [io.netty.buffer.PooledByteBufAllocator.<clinit>(PooledByteBufAllocator.java:174)] - -Dio.netty.allocator.cacheTrimIntervalMillis: 0
2023-05-25 14:47:36.716 DEBUG [main] [io.netty.buffer.PooledByteBufAllocator.<clinit>(PooledByteBufAllocator.java:175)] - -Dio.netty.allocator.useCacheForAllThreads: false
2023-05-25 14:47:36.716 DEBUG [main] [io.netty.buffer.PooledByteBufAllocator.<clinit>(PooledByteBufAllocator.java:176)] - -Dio.netty.allocator.maxCachedByteBuffersPerChunk: 1023
2023-05-25 14:47:36.723 DEBUG [main] [io.netty.buffer.ByteBufUtil.<clinit>(ByteBufUtil.java:88)] - -Dio.netty.allocator.type: pooled
2023-05-25 14:47:36.724 DEBUG [main] [io.netty.buffer.ByteBufUtil.<clinit>(ByteBufUtil.java:97)] - -Dio.netty.threadLocalDirectBufferSize: 0
2023-05-25 14:47:36.724 DEBUG [main] [io.netty.buffer.ByteBufUtil.<clinit>(ByteBufUtil.java:100)] - -Dio.netty.maxThreadLocalCharBufferSize: 16384
2023-05-25 14:47:36.955 DEBUG [Forwarding newSession on session null to remote] [io.netty.channel.DefaultChannelId.<clinit>(DefaultChannelId.java:79)] - -Dio.netty.processId: 7868 (auto-detected)
2023-05-25 14:47:36.957 DEBUG [Forwarding newSession on session null to remote] [io.netty.util.NetUtil.<clinit>(NetUtil.java:142)] - -Djava.net.preferIPv4Stack: false
2023-05-25 14:47:36.957 DEBUG [Forwarding newSession on session null to remote] [io.netty.util.NetUtil.<clinit>(NetUtil.java:143)] - -Djava.net.preferIPv6Addresses: false
2023-05-25 14:47:36.970 DEBUG [Forwarding newSession on session null to remote] [io.netty.util.NetUtilInitializations.determineLoopback(NetUtilInitializations.java:145)] - Loopback interface: lo (Software Loopback Interface 1, 127.0.0.1)
2023-05-25 14:47:36.971 DEBUG [Forwarding newSession on session null to remote] [io.netty.util.NetUtil$SoMaxConnAction.run(NetUtil.java:200)] - Failed to get SOMAXCONN from sysctl and file \proc\sys\net\core\somaxconn. Default: 200
2023-05-25 14:47:36.984 DEBUG [Forwarding newSession on session null to remote] [io.netty.channel.DefaultChannelId.<clinit>(DefaultChannelId.java:101)] - -Dio.netty.machineId: 54:14:f3:ff:fe:d9:7a:97 (auto-detected)
2023-05-25 14:47:37.027 DEBUG [AsyncHttpClient-1-2] [io.netty.buffer.AbstractByteBuf.<clinit>(AbstractByteBuf.java:63)] - -Dio.netty.buffer.checkAccessible: true
2023-05-25 14:47:37.027 DEBUG [AsyncHttpClient-1-2] [io.netty.buffer.AbstractByteBuf.<clinit>(AbstractByteBuf.java:64)] - -Dio.netty.buffer.checkBounds: true
2023-05-25 14:47:37.027 DEBUG [AsyncHttpClient-1-2] [io.netty.util.ResourceLeakDetectorFactory$DefaultResourceLeakDetectorFactory.newResourceLeakDetector(ResourceLeakDetectorFactory.java:196)] - Loaded default ResourceLeakDetector: io.netty.util.ResourceLeakDetector@262e6a58
2023-05-25 14:47:37.047 DEBUG [AsyncHttpClient-1-2] [io.netty.util.Recycler.<clinit>(Recycler.java:96)] - -Dio.netty.recycler.maxCapacityPerThread: 4096
2023-05-25 14:47:37.047 DEBUG [AsyncHttpClient-1-2] [io.netty.util.Recycler.<clinit>(Recycler.java:97)] - -Dio.netty.recycler.ratio: 8
2023-05-25 14:47:37.047 DEBUG [AsyncHttpClient-1-2] [io.netty.util.Recycler.<clinit>(Recycler.java:98)] - -Dio.netty.recycler.chunkSize: 32
2023-05-25 14:47:37.048 DEBUG [AsyncHttpClient-1-2] [io.netty.util.Recycler.<clinit>(Recycler.java:99)] - -Dio.netty.recycler.blocking: false
2023-05-25 14:47:37.048 DEBUG [AsyncHttpClient-1-2] [io.netty.util.Recycler.<clinit>(Recycler.java:100)] - -Dio.netty.recycler.batchFastThreadLocalOnly: true
2023-05-25 14:47:37.597 DEBUG [AsyncHttpClient-1-2] [io.netty.handler.codec.compression.Brotli.<clinit>(Brotli.java:38)] - brotli4j not in the classpath; Brotli support will be unavailable.
2023-05-25 14:47:37.697 DEBUG [main] [io.netty.util.internal.ThreadLocalRandom.newSeed(ThreadLocalRandom.java:214)] - -Dio.netty.initialSeedUniquifier: 0x009961f3569306ff
2023-05-25 14:47:39.666 INFO [main] [com.ui.qa.listener.EventListener.afterClick(EventListener.java:17)] - Click On: [[ChromeDriver: chrome on WINDOWS (ad63f21da5deefba68aab4376d529d50)] -> xpath: //input[@name='login-button']]
2023-05-25 14:47:39.737 INFO [main] [com.ui.qa.listener.EventListener.afterClick(EventListener.java:17)] - Click On: [[ChromeDriver: chrome on WINDOWS (ad63f21da5deefba68aab4376d529d50)] -> xpath: //a[@class='shopping_cart_link']]
2023-05-25 14:47:39.800 INFO [main] [com.ui.qa.testcases.CartPageTest.cartCheckout(CartPageTest.java:35)] - verify page title
2023-05-25 14:47:39.881 INFO [main] [com.ui.qa.listener.EventListener.afterClick(EventListener.java:17)] - Click On: [[ChromeDriver: chrome on WINDOWS (ad63f21da5deefba68aab4376d529d50)] -> xpath: //button[@id='checkout' and @name='checkout']]
2023-05-25 14:48:27.657 DEBUG [main] [io.netty.util.internal.logging.InternalLoggerFactory.useLog4J2LoggerFactory(InternalLoggerFactory.java:76)] - Using Log4J2 as the default logging framework
2023-05-25 14:48:27.663 DEBUG [main] [io.netty.util.ResourceLeakDetector.<clinit>(ResourceLeakDetector.java:129)] - -Dio.netty.leakDetection.level: simple
2023-05-25 14:48:27.663 DEBUG [main] [io.netty.util.ResourceLeakDetector.<clinit>(ResourceLeakDetector.java:130)] - -Dio.netty.leakDetection.targetRecords: 4
2023-05-25 14:48:27.666 DEBUG [main] [io.netty.util.ResourceLeakDetectorFactory$DefaultResourceLeakDetectorFactory.newResourceLeakDetector(ResourceLeakDetectorFactory.java:196)] - Loaded default ResourceLeakDetector: io.netty.util.ResourceLeakDetector@11bd803
2023-05-25 14:48:27.683 DEBUG [main] [io.netty.util.internal.PlatformDependent0.explicitNoUnsafeCause0(PlatformDependent0.java:496)] - -Dio.netty.noUnsafe: false
2023-05-25 14:48:27.683 DEBUG [main] [io.netty.util.internal.PlatformDependent0.javaVersion0(PlatformDependent0.java:1000)] - Java version: 17
2023-05-25 14:48:27.684 DEBUG [main] [io.netty.util.internal.PlatformDependent0.<clinit>(PlatformDependent0.java:137)] - sun.misc.Unsafe.theUnsafe: available
2023-05-25 14:48:27.685 DEBUG [main] [io.netty.util.internal.PlatformDependent0.<clinit>(PlatformDependent0.java:161)] - sun.misc.Unsafe.copyMemory: available
2023-05-25 14:48:27.685 DEBUG [main] [io.netty.util.internal.PlatformDependent0.<clinit>(PlatformDependent0.java:193)] - sun.misc.Unsafe.storeFence: available
2023-05-25 14:48:27.686 DEBUG [main] [io.netty.util.internal.PlatformDependent0.<clinit>(PlatformDependent0.java:236)] - java.nio.Buffer.address: available
2023-05-25 14:48:27.686 DEBUG [main] [io.netty.util.internal.PlatformDependent0.<clinit>(PlatformDependent0.java:320)] - direct buffer constructor: unavailable: Reflective setAccessible(true) disabled
2023-05-25 14:48:27.687 DEBUG [main] [io.netty.util.internal.PlatformDependent0.<clinit>(PlatformDependent0.java:385)] - java.nio.Bits.unaligned: available, true
2023-05-25 14:48:27.688 DEBUG [main] [io.netty.util.internal.PlatformDependent0.<clinit>(PlatformDependent0.java:452)] - jdk.internal.misc.Unsafe.allocateUninitializedArray(int): unavailable: class io.netty.util.internal.PlatformDependent0$7 cannot access class jdk.internal.misc.Unsafe (in module java.base) because module java.base does not export jdk.internal.misc to unnamed module @5f341870
2023-05-25 14:48:27.689 DEBUG [main] [io.netty.util.internal.PlatformDependent0.<clinit>(PlatformDependent0.java:482)] - java.nio.DirectByteBuffer.<init>(long, int): unavailable
2023-05-25 14:48:27.690 DEBUG [main] [io.netty.util.internal.PlatformDependent.unsafeUnavailabilityCause0(PlatformDependent.java:1159)] - sun.misc.Unsafe: available
2023-05-25 14:48:27.690 DEBUG [main] [io.netty.util.internal.PlatformDependent.estimateMaxDirectMemory(PlatformDependent.java:1270)] - maxDirectMemory: 4217372672 bytes (maybe)
2023-05-25 14:48:27.691 DEBUG [main] [io.netty.util.internal.PlatformDependent.tmpdir0(PlatformDependent.java:1289)] - -Dio.netty.tmpdir: C:\Users\FAHAD~1.ZAM\AppData\Local\Temp (java.io.tmpdir)
2023-05-25 14:48:27.691 DEBUG [main] [io.netty.util.internal.PlatformDependent.bitMode0(PlatformDependent.java:1368)] - -Dio.netty.bitMode: 64 (sun.arch.data.model)
2023-05-25 14:48:27.692 DEBUG [main] [io.netty.util.internal.PlatformDependent.isWindows0(PlatformDependent.java:1119)] - Platform: Windows
2023-05-25 14:48:27.693 DEBUG [main] [io.netty.util.internal.PlatformDependent.<clinit>(PlatformDependent.java:178)] - -Dio.netty.maxDirectMemory: -1 bytes
2023-05-25 14:48:27.693 DEBUG [main] [io.netty.util.internal.PlatformDependent.<clinit>(PlatformDependent.java:185)] - -Dio.netty.uninitializedArrayAllocationThreshold: -1
2023-05-25 14:48:27.694 DEBUG [main] [io.netty.util.internal.CleanerJava9.<clinit>(CleanerJava9.java:71)] - java.nio.ByteBuffer.cleaner(): available
2023-05-25 14:48:27.695 DEBUG [main] [io.netty.util.internal.PlatformDependent.<clinit>(PlatformDependent.java:205)] - -Dio.netty.noPreferDirect: false
2023-05-25 14:48:27.701 DEBUG [main] [io.netty.util.internal.PlatformDependent$Mpsc.<clinit>(PlatformDependent.java:1010)] - org.jctools-core.MpscChunkedArrayQueue: available
2023-05-25 14:48:27.712 DEBUG [main] [io.netty.util.internal.InternalThreadLocalMap.<clinit>(InternalThreadLocalMap.java:100)] - -Dio.netty.threadLocalMap.stringBuilder.initialSize: 1024
2023-05-25 14:48:27.713 DEBUG [main] [io.netty.util.internal.InternalThreadLocalMap.<clinit>(InternalThreadLocalMap.java:101)] - -Dio.netty.threadLocalMap.stringBuilder.maxSize: 4096
2023-05-25 14:48:27.749 DEBUG [main] [io.netty.handler.ssl.JdkSslContext.<clinit>(JdkSslContext.java:83)] - Default protocols (JDK): [TLSv1.3, TLSv1.2] 
2023-05-25 14:48:27.749 DEBUG [main] [io.netty.handler.ssl.JdkSslContext.<clinit>(JdkSslContext.java:84)] - Default cipher suites (JDK): [TLS_ECDHE_ECDSA_WITH_AES_256_GCM_SHA384, TLS_ECDHE_ECDSA_WITH_AES_128_GCM_SHA256, TLS_ECDHE_RSA_WITH_AES_128_GCM_SHA256, TLS_ECDHE_RSA_WITH_AES_256_GCM_SHA384, TLS_ECDHE_RSA_WITH_AES_128_CBC_SHA, TLS_ECDHE_RSA_WITH_AES_256_CBC_SHA, TLS_RSA_WITH_AES_128_GCM_SHA256, TLS_RSA_WITH_AES_128_CBC_SHA, TLS_RSA_WITH_AES_256_CBC_SHA, TLS_AES_128_GCM_SHA256, TLS_AES_256_GCM_SHA384]
2023-05-25 14:48:27.760 DEBUG [main] [io.netty.util.concurrent.GlobalEventExecutor.<clinit>(GlobalEventExecutor.java:53)] - -Dio.netty.globalEventExecutor.quietPeriodSeconds: 1
2023-05-25 14:48:27.768 DEBUG [main] [io.netty.channel.MultithreadEventLoopGroup.<clinit>(MultithreadEventLoopGroup.java:44)] - -Dio.netty.eventLoopThreads: 16
2023-05-25 14:48:27.774 DEBUG [main] [io.netty.channel.nio.NioEventLoop.<clinit>(NioEventLoop.java:110)] - -Dio.netty.noKeySetOptimization: false
2023-05-25 14:48:27.775 DEBUG [main] [io.netty.channel.nio.NioEventLoop.<clinit>(NioEventLoop.java:111)] - -Dio.netty.selectorAutoRebuildThreshold: 512
2023-05-25 14:48:27.810 DEBUG [main] [io.netty.buffer.PooledByteBufAllocator.<clinit>(PooledByteBufAllocator.java:157)] - -Dio.netty.allocator.numHeapArenas: 16
2023-05-25 14:48:27.810 DEBUG [main] [io.netty.buffer.PooledByteBufAllocator.<clinit>(PooledByteBufAllocator.java:158)] - -Dio.netty.allocator.numDirectArenas: 16
2023-05-25 14:48:27.810 DEBUG [main] [io.netty.buffer.PooledByteBufAllocator.<clinit>(PooledByteBufAllocator.java:160)] - -Dio.netty.allocator.pageSize: 8192
2023-05-25 14:48:27.810 DEBUG [main] [io.netty.buffer.PooledByteBufAllocator.<clinit>(PooledByteBufAllocator.java:165)] - -Dio.netty.allocator.maxOrder: 9
2023-05-25 14:48:27.811 DEBUG [main] [io.netty.buffer.PooledByteBufAllocator.<clinit>(PooledByteBufAllocator.java:169)] - -Dio.netty.allocator.chunkSize: 4194304
2023-05-25 14:48:27.811 DEBUG [main] [io.netty.buffer.PooledByteBufAllocator.<clinit>(PooledByteBufAllocator.java:170)] - -Dio.netty.allocator.smallCacheSize: 256
2023-05-25 14:48:27.812 DEBUG [main] [io.netty.buffer.PooledByteBufAllocator.<clinit>(PooledByteBufAllocator.java:171)] - -Dio.netty.allocator.normalCacheSize: 64
2023-05-25 14:48:27.812 DEBUG [main] [io.netty.buffer.PooledByteBufAllocator.<clinit>(PooledByteBufAllocator.java:172)] - -Dio.netty.allocator.maxCachedBufferCapacity: 32768
2023-05-25 14:48:27.812 DEBUG [main] [io.netty.buffer.PooledByteBufAllocator.<clinit>(PooledByteBufAllocator.java:173)] - -Dio.netty.allocator.cacheTrimInterval: 8192
2023-05-25 14:48:27.812 DEBUG [main] [io.netty.buffer.PooledByteBufAllocator.<clinit>(PooledByteBufAllocator.java:174)] - -Dio.netty.allocator.cacheTrimIntervalMillis: 0
2023-05-25 14:48:27.813 DEBUG [main] [io.netty.buffer.PooledByteBufAllocator.<clinit>(PooledByteBufAllocator.java:175)] - -Dio.netty.allocator.useCacheForAllThreads: false
2023-05-25 14:48:27.813 DEBUG [main] [io.netty.buffer.PooledByteBufAllocator.<clinit>(PooledByteBufAllocator.java:176)] - -Dio.netty.allocator.maxCachedByteBuffersPerChunk: 1023
2023-05-25 14:48:27.822 DEBUG [main] [io.netty.buffer.ByteBufUtil.<clinit>(ByteBufUtil.java:88)] - -Dio.netty.allocator.type: pooled
2023-05-25 14:48:27.822 DEBUG [main] [io.netty.buffer.ByteBufUtil.<clinit>(ByteBufUtil.java:97)] - -Dio.netty.threadLocalDirectBufferSize: 0
2023-05-25 14:48:27.822 DEBUG [main] [io.netty.buffer.ByteBufUtil.<clinit>(ByteBufUtil.java:100)] - -Dio.netty.maxThreadLocalCharBufferSize: 16384
2023-05-25 14:48:28.023 DEBUG [Forwarding newSession on session null to remote] [io.netty.channel.DefaultChannelId.<clinit>(DefaultChannelId.java:79)] - -Dio.netty.processId: 13852 (auto-detected)
2023-05-25 14:48:28.025 DEBUG [Forwarding newSession on session null to remote] [io.netty.util.NetUtil.<clinit>(NetUtil.java:142)] - -Djava.net.preferIPv4Stack: false
2023-05-25 14:48:28.026 DEBUG [Forwarding newSession on session null to remote] [io.netty.util.NetUtil.<clinit>(NetUtil.java:143)] - -Djava.net.preferIPv6Addresses: false
2023-05-25 14:48:28.036 DEBUG [Forwarding newSession on session null to remote] [io.netty.util.NetUtilInitializations.determineLoopback(NetUtilInitializations.java:145)] - Loopback interface: lo (Software Loopback Interface 1, 127.0.0.1)
2023-05-25 14:48:28.037 DEBUG [Forwarding newSession on session null to remote] [io.netty.util.NetUtil$SoMaxConnAction.run(NetUtil.java:200)] - Failed to get SOMAXCONN from sysctl and file \proc\sys\net\core\somaxconn. Default: 200
2023-05-25 14:48:28.047 DEBUG [Forwarding newSession on session null to remote] [io.netty.channel.DefaultChannelId.<clinit>(DefaultChannelId.java:101)] - -Dio.netty.machineId: 54:14:f3:ff:fe:d9:7a:97 (auto-detected)
2023-05-25 14:48:28.088 DEBUG [AsyncHttpClient-1-2] [io.netty.buffer.AbstractByteBuf.<clinit>(AbstractByteBuf.java:63)] - -Dio.netty.buffer.checkAccessible: true
2023-05-25 14:48:28.089 DEBUG [AsyncHttpClient-1-2] [io.netty.buffer.AbstractByteBuf.<clinit>(AbstractByteBuf.java:64)] - -Dio.netty.buffer.checkBounds: true
2023-05-25 14:48:28.090 DEBUG [AsyncHttpClient-1-2] [io.netty.util.ResourceLeakDetectorFactory$DefaultResourceLeakDetectorFactory.newResourceLeakDetector(ResourceLeakDetectorFactory.java:196)] - Loaded default ResourceLeakDetector: io.netty.util.ResourceLeakDetector@3ca0c5d9
2023-05-25 14:48:28.108 DEBUG [AsyncHttpClient-1-2] [io.netty.util.Recycler.<clinit>(Recycler.java:96)] - -Dio.netty.recycler.maxCapacityPerThread: 4096
2023-05-25 14:48:28.108 DEBUG [AsyncHttpClient-1-2] [io.netty.util.Recycler.<clinit>(Recycler.java:97)] - -Dio.netty.recycler.ratio: 8
2023-05-25 14:48:28.108 DEBUG [AsyncHttpClient-1-2] [io.netty.util.Recycler.<clinit>(Recycler.java:98)] - -Dio.netty.recycler.chunkSize: 32
2023-05-25 14:48:28.108 DEBUG [AsyncHttpClient-1-2] [io.netty.util.Recycler.<clinit>(Recycler.java:99)] - -Dio.netty.recycler.blocking: false
2023-05-25 14:48:28.109 DEBUG [AsyncHttpClient-1-2] [io.netty.util.Recycler.<clinit>(Recycler.java:100)] - -Dio.netty.recycler.batchFastThreadLocalOnly: true
2023-05-25 14:48:28.652 DEBUG [AsyncHttpClient-1-2] [io.netty.handler.codec.compression.Brotli.<clinit>(Brotli.java:38)] - brotli4j not in the classpath; Brotli support will be unavailable.
2023-05-25 14:48:28.732 DEBUG [main] [io.netty.util.internal.ThreadLocalRandom.newSeed(ThreadLocalRandom.java:214)] - -Dio.netty.initialSeedUniquifier: 0xc7d1585a9cba3099
2023-05-25 14:48:30.696 INFO [main] [com.ui.qa.listener.EventListener.afterClick(EventListener.java:17)] - Click On: [[ChromeDriver: chrome on WINDOWS (0149a8c9096cc729bfd1aa2f12e67b1f)] -> xpath: //input[@name='login-button']]
2023-05-25 14:48:30.766 INFO [main] [com.ui.qa.listener.EventListener.afterClick(EventListener.java:17)] - Click On: [[ChromeDriver: chrome on WINDOWS (0149a8c9096cc729bfd1aa2f12e67b1f)] -> xpath: //a[@class='shopping_cart_link']]
2023-05-25 14:48:30.834 INFO [main] [com.ui.qa.testcases.CartPageTest.cartCheckout(CartPageTest.java:35)] - verify page title, Expected value: Your Cart && Actual Value: Your Cart
2023-05-25 14:48:30.911 INFO [main] [com.ui.qa.listener.EventListener.afterClick(EventListener.java:17)] - Click On: [[ChromeDriver: chrome on WINDOWS (0149a8c9096cc729bfd1aa2f12e67b1f)] -> xpath: //button[@id='checkout' and @name='checkout']]
2023-05-25 14:48:48.516 DEBUG [main] [io.netty.util.internal.logging.InternalLoggerFactory.useLog4J2LoggerFactory(InternalLoggerFactory.java:76)] - Using Log4J2 as the default logging framework
2023-05-25 14:48:48.521 DEBUG [main] [io.netty.util.ResourceLeakDetector.<clinit>(ResourceLeakDetector.java:129)] - -Dio.netty.leakDetection.level: simple
2023-05-25 14:48:48.522 DEBUG [main] [io.netty.util.ResourceLeakDetector.<clinit>(ResourceLeakDetector.java:130)] - -Dio.netty.leakDetection.targetRecords: 4
2023-05-25 14:48:48.526 DEBUG [main] [io.netty.util.ResourceLeakDetectorFactory$DefaultResourceLeakDetectorFactory.newResourceLeakDetector(ResourceLeakDetectorFactory.java:196)] - Loaded default ResourceLeakDetector: io.netty.util.ResourceLeakDetector@4dbad37
2023-05-25 14:48:48.542 DEBUG [main] [io.netty.util.internal.PlatformDependent0.explicitNoUnsafeCause0(PlatformDependent0.java:496)] - -Dio.netty.noUnsafe: false
2023-05-25 14:48:48.542 DEBUG [main] [io.netty.util.internal.PlatformDependent0.javaVersion0(PlatformDependent0.java:1000)] - Java version: 17
2023-05-25 14:48:48.543 DEBUG [main] [io.netty.util.internal.PlatformDependent0.<clinit>(PlatformDependent0.java:137)] - sun.misc.Unsafe.theUnsafe: available
2023-05-25 14:48:48.544 DEBUG [main] [io.netty.util.internal.PlatformDependent0.<clinit>(PlatformDependent0.java:161)] - sun.misc.Unsafe.copyMemory: available
2023-05-25 14:48:48.545 DEBUG [main] [io.netty.util.internal.PlatformDependent0.<clinit>(PlatformDependent0.java:193)] - sun.misc.Unsafe.storeFence: available
2023-05-25 14:48:48.545 DEBUG [main] [io.netty.util.internal.PlatformDependent0.<clinit>(PlatformDependent0.java:236)] - java.nio.Buffer.address: available
2023-05-25 14:48:48.546 DEBUG [main] [io.netty.util.internal.PlatformDependent0.<clinit>(PlatformDependent0.java:320)] - direct buffer constructor: unavailable: Reflective setAccessible(true) disabled
2023-05-25 14:48:48.547 DEBUG [main] [io.netty.util.internal.PlatformDependent0.<clinit>(PlatformDependent0.java:385)] - java.nio.Bits.unaligned: available, true
2023-05-25 14:48:48.548 DEBUG [main] [io.netty.util.internal.PlatformDependent0.<clinit>(PlatformDependent0.java:452)] - jdk.internal.misc.Unsafe.allocateUninitializedArray(int): unavailable: class io.netty.util.internal.PlatformDependent0$7 cannot access class jdk.internal.misc.Unsafe (in module java.base) because module java.base does not export jdk.internal.misc to unnamed module @5f341870
2023-05-25 14:48:48.550 DEBUG [main] [io.netty.util.internal.PlatformDependent0.<clinit>(PlatformDependent0.java:482)] - java.nio.DirectByteBuffer.<init>(long, int): unavailable
2023-05-25 14:48:48.551 DEBUG [main] [io.netty.util.internal.PlatformDependent.unsafeUnavailabilityCause0(PlatformDependent.java:1159)] - sun.misc.Unsafe: available
2023-05-25 14:48:48.551 DEBUG [main] [io.netty.util.internal.PlatformDependent.estimateMaxDirectMemory(PlatformDependent.java:1270)] - maxDirectMemory: 4217372672 bytes (maybe)
2023-05-25 14:48:48.552 DEBUG [main] [io.netty.util.internal.PlatformDependent.tmpdir0(PlatformDependent.java:1289)] - -Dio.netty.tmpdir: C:\Users\FAHAD~1.ZAM\AppData\Local\Temp (java.io.tmpdir)
2023-05-25 14:48:48.552 DEBUG [main] [io.netty.util.internal.PlatformDependent.bitMode0(PlatformDependent.java:1368)] - -Dio.netty.bitMode: 64 (sun.arch.data.model)
2023-05-25 14:48:48.553 DEBUG [main] [io.netty.util.internal.PlatformDependent.isWindows0(PlatformDependent.java:1119)] - Platform: Windows
2023-05-25 14:48:48.553 DEBUG [main] [io.netty.util.internal.PlatformDependent.<clinit>(PlatformDependent.java:178)] - -Dio.netty.maxDirectMemory: -1 bytes
2023-05-25 14:48:48.554 DEBUG [main] [io.netty.util.internal.PlatformDependent.<clinit>(PlatformDependent.java:185)] - -Dio.netty.uninitializedArrayAllocationThreshold: -1
2023-05-25 14:48:48.555 DEBUG [main] [io.netty.util.internal.CleanerJava9.<clinit>(CleanerJava9.java:71)] - java.nio.ByteBuffer.cleaner(): available
2023-05-25 14:48:48.555 DEBUG [main] [io.netty.util.internal.PlatformDependent.<clinit>(PlatformDependent.java:205)] - -Dio.netty.noPreferDirect: false
2023-05-25 14:48:48.560 DEBUG [main] [io.netty.util.internal.PlatformDependent$Mpsc.<clinit>(PlatformDependent.java:1010)] - org.jctools-core.MpscChunkedArrayQueue: available
2023-05-25 14:48:48.573 DEBUG [main] [io.netty.util.internal.InternalThreadLocalMap.<clinit>(InternalThreadLocalMap.java:100)] - -Dio.netty.threadLocalMap.stringBuilder.initialSize: 1024
2023-05-25 14:48:48.574 DEBUG [main] [io.netty.util.internal.InternalThreadLocalMap.<clinit>(InternalThreadLocalMap.java:101)] - -Dio.netty.threadLocalMap.stringBuilder.maxSize: 4096
2023-05-25 14:48:48.616 DEBUG [main] [io.netty.handler.ssl.JdkSslContext.<clinit>(JdkSslContext.java:83)] - Default protocols (JDK): [TLSv1.3, TLSv1.2] 
2023-05-25 14:48:48.616 DEBUG [main] [io.netty.handler.ssl.JdkSslContext.<clinit>(JdkSslContext.java:84)] - Default cipher suites (JDK): [TLS_ECDHE_ECDSA_WITH_AES_256_GCM_SHA384, TLS_ECDHE_ECDSA_WITH_AES_128_GCM_SHA256, TLS_ECDHE_RSA_WITH_AES_128_GCM_SHA256, TLS_ECDHE_RSA_WITH_AES_256_GCM_SHA384, TLS_ECDHE_RSA_WITH_AES_128_CBC_SHA, TLS_ECDHE_RSA_WITH_AES_256_CBC_SHA, TLS_RSA_WITH_AES_128_GCM_SHA256, TLS_RSA_WITH_AES_128_CBC_SHA, TLS_RSA_WITH_AES_256_CBC_SHA, TLS_AES_128_GCM_SHA256, TLS_AES_256_GCM_SHA384]
2023-05-25 14:48:48.625 DEBUG [main] [io.netty.util.concurrent.GlobalEventExecutor.<clinit>(GlobalEventExecutor.java:53)] - -Dio.netty.globalEventExecutor.quietPeriodSeconds: 1
2023-05-25 14:48:48.634 DEBUG [main] [io.netty.channel.MultithreadEventLoopGroup.<clinit>(MultithreadEventLoopGroup.java:44)] - -Dio.netty.eventLoopThreads: 16
2023-05-25 14:48:48.641 DEBUG [main] [io.netty.channel.nio.NioEventLoop.<clinit>(NioEventLoop.java:110)] - -Dio.netty.noKeySetOptimization: false
2023-05-25 14:48:48.641 DEBUG [main] [io.netty.channel.nio.NioEventLoop.<clinit>(NioEventLoop.java:111)] - -Dio.netty.selectorAutoRebuildThreshold: 512
2023-05-25 14:48:48.674 DEBUG [main] [io.netty.buffer.PooledByteBufAllocator.<clinit>(PooledByteBufAllocator.java:157)] - -Dio.netty.allocator.numHeapArenas: 16
2023-05-25 14:48:48.674 DEBUG [main] [io.netty.buffer.PooledByteBufAllocator.<clinit>(PooledByteBufAllocator.java:158)] - -Dio.netty.allocator.numDirectArenas: 16
2023-05-25 14:48:48.675 DEBUG [main] [io.netty.buffer.PooledByteBufAllocator.<clinit>(PooledByteBufAllocator.java:160)] - -Dio.netty.allocator.pageSize: 8192
2023-05-25 14:48:48.675 DEBUG [main] [io.netty.buffer.PooledByteBufAllocator.<clinit>(PooledByteBufAllocator.java:165)] - -Dio.netty.allocator.maxOrder: 9
2023-05-25 14:48:48.675 DEBUG [main] [io.netty.buffer.PooledByteBufAllocator.<clinit>(PooledByteBufAllocator.java:169)] - -Dio.netty.allocator.chunkSize: 4194304
2023-05-25 14:48:48.675 DEBUG [main] [io.netty.buffer.PooledByteBufAllocator.<clinit>(PooledByteBufAllocator.java:170)] - -Dio.netty.allocator.smallCacheSize: 256
2023-05-25 14:48:48.676 DEBUG [main] [io.netty.buffer.PooledByteBufAllocator.<clinit>(PooledByteBufAllocator.java:171)] - -Dio.netty.allocator.normalCacheSize: 64
2023-05-25 14:48:48.676 DEBUG [main] [io.netty.buffer.PooledByteBufAllocator.<clinit>(PooledByteBufAllocator.java:172)] - -Dio.netty.allocator.maxCachedBufferCapacity: 32768
2023-05-25 14:48:48.676 DEBUG [main] [io.netty.buffer.PooledByteBufAllocator.<clinit>(PooledByteBufAllocator.java:173)] - -Dio.netty.allocator.cacheTrimInterval: 8192
2023-05-25 14:48:48.676 DEBUG [main] [io.netty.buffer.PooledByteBufAllocator.<clinit>(PooledByteBufAllocator.java:174)] - -Dio.netty.allocator.cacheTrimIntervalMillis: 0
2023-05-25 14:48:48.676 DEBUG [main] [io.netty.buffer.PooledByteBufAllocator.<clinit>(PooledByteBufAllocator.java:175)] - -Dio.netty.allocator.useCacheForAllThreads: false
2023-05-25 14:48:48.677 DEBUG [main] [io.netty.buffer.PooledByteBufAllocator.<clinit>(PooledByteBufAllocator.java:176)] - -Dio.netty.allocator.maxCachedByteBuffersPerChunk: 1023
2023-05-25 14:48:48.686 DEBUG [main] [io.netty.buffer.ByteBufUtil.<clinit>(ByteBufUtil.java:88)] - -Dio.netty.allocator.type: pooled
2023-05-25 14:48:48.686 DEBUG [main] [io.netty.buffer.ByteBufUtil.<clinit>(ByteBufUtil.java:97)] - -Dio.netty.threadLocalDirectBufferSize: 0
2023-05-25 14:48:48.686 DEBUG [main] [io.netty.buffer.ByteBufUtil.<clinit>(ByteBufUtil.java:100)] - -Dio.netty.maxThreadLocalCharBufferSize: 16384
2023-05-25 14:48:48.909 DEBUG [Forwarding newSession on session null to remote] [io.netty.channel.DefaultChannelId.<clinit>(DefaultChannelId.java:79)] - -Dio.netty.processId: 15228 (auto-detected)
2023-05-25 14:48:48.911 DEBUG [Forwarding newSession on session null to remote] [io.netty.util.NetUtil.<clinit>(NetUtil.java:142)] - -Djava.net.preferIPv4Stack: false
2023-05-25 14:48:48.911 DEBUG [Forwarding newSession on session null to remote] [io.netty.util.NetUtil.<clinit>(NetUtil.java:143)] - -Djava.net.preferIPv6Addresses: false
2023-05-25 14:48:48.921 DEBUG [Forwarding newSession on session null to remote] [io.netty.util.NetUtilInitializations.determineLoopback(NetUtilInitializations.java:145)] - Loopback interface: lo (Software Loopback Interface 1, 127.0.0.1)
2023-05-25 14:48:48.922 DEBUG [Forwarding newSession on session null to remote] [io.netty.util.NetUtil$SoMaxConnAction.run(NetUtil.java:200)] - Failed to get SOMAXCONN from sysctl and file \proc\sys\net\core\somaxconn. Default: 200
2023-05-25 14:48:48.934 DEBUG [Forwarding newSession on session null to remote] [io.netty.channel.DefaultChannelId.<clinit>(DefaultChannelId.java:101)] - -Dio.netty.machineId: 54:14:f3:ff:fe:d9:7a:97 (auto-detected)
2023-05-25 14:48:48.974 DEBUG [AsyncHttpClient-1-2] [io.netty.buffer.AbstractByteBuf.<clinit>(AbstractByteBuf.java:63)] - -Dio.netty.buffer.checkAccessible: true
2023-05-25 14:48:48.976 DEBUG [AsyncHttpClient-1-2] [io.netty.buffer.AbstractByteBuf.<clinit>(AbstractByteBuf.java:64)] - -Dio.netty.buffer.checkBounds: true
2023-05-25 14:48:48.976 DEBUG [AsyncHttpClient-1-2] [io.netty.util.ResourceLeakDetectorFactory$DefaultResourceLeakDetectorFactory.newResourceLeakDetector(ResourceLeakDetectorFactory.java:196)] - Loaded default ResourceLeakDetector: io.netty.util.ResourceLeakDetector@87714f5
2023-05-25 14:48:48.999 DEBUG [AsyncHttpClient-1-2] [io.netty.util.Recycler.<clinit>(Recycler.java:96)] - -Dio.netty.recycler.maxCapacityPerThread: 4096
2023-05-25 14:48:48.999 DEBUG [AsyncHttpClient-1-2] [io.netty.util.Recycler.<clinit>(Recycler.java:97)] - -Dio.netty.recycler.ratio: 8
2023-05-25 14:48:49.000 DEBUG [AsyncHttpClient-1-2] [io.netty.util.Recycler.<clinit>(Recycler.java:98)] - -Dio.netty.recycler.chunkSize: 32
2023-05-25 14:48:49.000 DEBUG [AsyncHttpClient-1-2] [io.netty.util.Recycler.<clinit>(Recycler.java:99)] - -Dio.netty.recycler.blocking: false
2023-05-25 14:48:49.000 DEBUG [AsyncHttpClient-1-2] [io.netty.util.Recycler.<clinit>(Recycler.java:100)] - -Dio.netty.recycler.batchFastThreadLocalOnly: true
2023-05-25 14:48:49.524 DEBUG [AsyncHttpClient-1-2] [io.netty.handler.codec.compression.Brotli.<clinit>(Brotli.java:38)] - brotli4j not in the classpath; Brotli support will be unavailable.
2023-05-25 14:48:49.597 DEBUG [main] [io.netty.util.internal.ThreadLocalRandom.newSeed(ThreadLocalRandom.java:214)] - -Dio.netty.initialSeedUniquifier: 0x09b955105758702c
2023-05-25 14:48:51.643 INFO [main] [com.ui.qa.listener.EventListener.afterClick(EventListener.java:17)] - Click On: [[ChromeDriver: chrome on WINDOWS (6eb0f40d2f4eefdd63f93215e06c6922)] -> xpath: //input[@name='login-button']]
2023-05-25 14:48:51.738 INFO [main] [com.ui.qa.listener.EventListener.afterClick(EventListener.java:17)] - Click On: [[ChromeDriver: chrome on WINDOWS (6eb0f40d2f4eefdd63f93215e06c6922)] -> xpath: //a[@class='shopping_cart_link']]
2023-05-25 14:48:51.823 INFO [main] [com.ui.qa.testcases.CartPageTest.cartCheckout(CartPageTest.java:35)] - verify page title, Expected value: Your Cart && Actual Value: Your Cart
2023-05-25 14:48:51.943 INFO [main] [com.ui.qa.listener.EventListener.afterClick(EventListener.java:17)] - Click On: [[ChromeDriver: chrome on WINDOWS (6eb0f40d2f4eefdd63f93215e06c6922)] -> xpath: //button[@id='checkout' and @name='checkout']]
